2020-02-23T06:59:25.675Z INFO c.a.c.p.ContributionInstaller:305 [Timer-0] Start download and signature check of=[https://downloads.arduino.cc/packages/package_index.json]
2020-02-23T06:59:25.708Z INFO c.a.u.n.FileDownloaderCache:92 [Timer-0] Cache folder C:\Users\vishesh\Documents\ArduinoData\cache
2020-02-23T06:59:25.831Z INFO c.a.u.n.FileDownloaderCache:149 [Timer-0] Get file cached is expire true, exist false, info FileCached{eTag='null', lastETag='null', remoteURL='https://downloads.arduino.cc/packages/package_index.json', localPath='C:\Users\vishesh\Documents\ArduinoData\cache\downloads.arduino.cc\packages\package_index.json', md5='null', createdAt='2020-02-23T12:29:25.773', cacheControl=null} 
2020-02-23T06:59:25.841Z DEBUG c.a.u.n.HttpConnectionManager:125 [Timer-0] Using proxy DIRECT
2020-02-23T06:59:25.845Z INFO c.a.u.n.HttpConnectionManager:148 [Timer-0] Connect to https://downloads.arduino.cc/packages/package_index.json, method=HEAD, request id=F4E133913BD54150
2020-02-23T06:59:27.600Z INFO c.a.u.n.HttpConnectionManager:152 [Timer-0] Request complete URL="https://downloads.arduino.cc/packages/package_index.json", method=HEAD, response code=206, request id=F4E133913BD54150, headers={null=[HTTP/1.1 206 Partial Content], Server=[cloudflare], Alt-Svc=[h3-25=":443"; ma=86400, h3-24=":443"; ma=86400, h3-23=":443"; ma=86400], Content-Range=[bytes 0-285638/285639], Last-Modified=[Fri, 17 Jan 2020 14:54:17 GMT], X-Amz-Cf-Id=[uJgtsC2VWBo1N9_qmKbYNncEOi2uQsVXvbbaXyY8fjqkGbsfY_fJOg==], Set-Cookie=[__cfduid=dc4220c103f5110e531ca537b502429f31582441166; expires=Tue, 24-Mar-20 06:59:26 GMT; path=/; domain=.arduino.cc; HttpOnly; SameSite=Lax], Content-Length=[285639], Age=[1597], Content-Type=[application/json], X-Cache=[Miss from cloudfront], CF-Ray=[569751294e08de8a-BLR], X-Amz-Cf-Pop=[BRU50-C1], Connection=[keep-alive], x-amz-version-id=[C2zKcOVPjmUsl5PAiLgCKrzjzXCvCYyy], Date=[Sun, 23 Feb 2020 06:59:26 GMT], Via=[1.1 583308eb4f461d4428530a34ba6d1e04.cloudfront.net (CloudFront)], x-amz-replication-status=[COMPLETED], CF-Cache-Status=[HIT], Cache-Control=[max-age=3600], ETag=["d84d45d86449339504f80e08416722b1"], Vary=[Accept-Encoding], x-amz-request-id=[3EC45BF9E1CDE561], x-amz-id-2=[+jSLh6jy9k99JyX0HZjqUw2lUPlZSuWaVce1mzzO5yggPwDPxKcUeMYGa+H5sSo6vGJ6F9nEP7M=], Expect-CT=[max-age=604800, report-uri="https://report-uri.cloudflare.com/cdn-cgi/beacon/expect-ct"]}
2020-02-23T06:59:27.600Z INFO c.a.u.n.FileDownloaderCache:160 [Timer-0] Update cached info of https://downloads.arduino.cc/packages/package_index.json, createdAt 2020-02-23T12:29:25.773, previous eTag null, last eTag d84d45d86449339504f80e08416722b1, cache control header CacheControl{maxAge=3600, isMustRevalidate=false, isNoCache=false, isNoStore=false} 
2020-02-23T06:59:27.747Z INFO c.a.u.n.FileDownloaderCache:226 [Timer-0] Update cache file info in C:\Users\vishesh\Documents\ArduinoData\cache\cache.json, number of cached files is 1
2020-02-23T06:59:27.763Z INFO c.a.u.n.FileDownloader:213 [Timer-0] The file in the cache is not in the path or the md5 validation failed: path=C:\Users\vishesh\Documents\ArduinoData\cache\downloads.arduino.cc\packages\package_index.json, file exist=false, md5 validation=false
2020-02-23T06:59:27.763Z INFO c.a.u.n.FileDownloader:221 [Timer-0] The file is change FileCached{eTag='null', lastETag='d84d45d86449339504f80e08416722b1', remoteURL='https://downloads.arduino.cc/packages/package_index.json', localPath='C:\Users\vishesh\Documents\ArduinoData\cache\downloads.arduino.cc\packages\package_index.json', md5='null', createdAt='2020-02-23T12:29:27.604', cacheControl=CacheControl{maxAge=3600, isMustRevalidate=false, isNoCache=false, isNoStore=false}}
2020-02-23T06:59:27.763Z DEBUG c.a.u.n.FileDownloaderCache:299 [Timer-0] The file "C:\Users\vishesh\Documents\ArduinoData\cache\downloads.arduino.cc\packages\package_index.json" is changed last ETag != now Etag (d84d45d86449339504f80e08416722b1!=null)
2020-02-23T06:59:27.768Z DEBUG c.a.u.n.HttpConnectionManager:125 [Timer-0] Using proxy DIRECT
2020-02-23T06:59:27.768Z INFO c.a.u.n.HttpConnectionManager:148 [Timer-0] Connect to https://downloads.arduino.cc/packages/package_index.json, method=GET, request id=C5628E0C65D646CF
2020-02-23T06:59:28.524Z INFO c.a.u.n.HttpConnectionManager:152 [Timer-0] Request complete URL="https://downloads.arduino.cc/packages/package_index.json", method=GET, response code=206, request id=C5628E0C65D646CF, headers={null=[HTTP/1.1 206 Partial Content], Server=[cloudflare], Alt-Svc=[h3-25=":443"; ma=86400, h3-24=":443"; ma=86400, h3-23=":443"; ma=86400], Content-Range=[bytes 0-285638/285639], Last-Modified=[Fri, 17 Jan 2020 14:54:17 GMT], X-Amz-Cf-Id=[uJgtsC2VWBo1N9_qmKbYNncEOi2uQsVXvbbaXyY8fjqkGbsfY_fJOg==], Set-Cookie=[__cfduid=dc4220c103f5110e531ca537b502429f31582441166; expires=Tue, 24-Mar-20 06:59:26 GMT; path=/; domain=.arduino.cc; HttpOnly; SameSite=Lax], Content-Length=[285639], Age=[1598], Content-Type=[application/json], X-Cache=[Miss from cloudfront], CF-Ray=[5697512d08fade8a-BLR], X-Amz-Cf-Pop=[BRU50-C1], Connection=[keep-alive], x-amz-version-id=[C2zKcOVPjmUsl5PAiLgCKrzjzXCvCYyy], Date=[Sun, 23 Feb 2020 06:59:27 GMT], Via=[1.1 583308eb4f461d4428530a34ba6d1e04.cloudfront.net (CloudFront)], x-amz-replication-status=[COMPLETED], CF-Cache-Status=[HIT], Cache-Control=[max-age=3600], ETag=["d84d45d86449339504f80e08416722b1"], Vary=[Accept-Encoding], x-amz-request-id=[3EC45BF9E1CDE561], x-amz-id-2=[+jSLh6jy9k99JyX0HZjqUw2lUPlZSuWaVce1mzzO5yggPwDPxKcUeMYGa+H5sSo6vGJ6F9nEP7M=], Expect-CT=[max-age=604800, report-uri="https://report-uri.cloudflare.com/cdn-cgi/beacon/expect-ct"]}
2020-02-23T07:02:16.929Z ERROR c.a.u.n.FileDownloader:199 [Timer-0] The request stop
java.net.SocketException: Network is unreachable: recv failed
	at java.net.SocketInputStream.socketRead0(Native Method) ~[?:1.8.0_191]
	at java.net.SocketInputStream.socketRead(SocketInputStream.java:116) ~[?:1.8.0_191]
	at java.net.SocketInputStream.read(SocketInputStream.java:171) ~[?:1.8.0_191]
	at java.net.SocketInputStream.read(SocketInputStream.java:141) ~[?:1.8.0_191]
	at sun.security.ssl.InputRecord.readFully(InputRecord.java:465) ~[?:1.8.0_191]
	at sun.security.ssl.InputRecord.readV3Record(InputRecord.java:593) ~[?:1.8.0_191]
	at sun.security.ssl.InputRecord.read(InputRecord.java:532) ~[?:1.8.0_191]
	at sun.security.ssl.SSLSocketImpl.readRecord(SSLSocketImpl.java:975) ~[?:1.8.0_191]
	at sun.security.ssl.SSLSocketImpl.readDataRecord(SSLSocketImpl.java:933) ~[?:1.8.0_191]
	at sun.security.ssl.AppInputStream.read(AppInputStream.java:105) ~[?:1.8.0_191]
	at java.io.BufferedInputStream.read1(BufferedInputStream.java:284) ~[?:1.8.0_191]
	at java.io.BufferedInputStream.read(BufferedInputStream.java:345) ~[?:1.8.0_191]
	at sun.net.www.MeteredStream.read(MeteredStream.java:134) ~[?:1.8.0_191]
	at java.io.FilterInputStream.read(FilterInputStream.java:133) ~[?:1.8.0_191]
	at sun.net.www.protocol.http.HttpURLConnection$HttpInputStream.read(HttpURLConnection.java:3444) ~[?:1.8.0_191]
	at sun.net.www.protocol.http.HttpURLConnection$HttpInputStream.read(HttpURLConnection.java:3437) ~[?:1.8.0_191]
	at cc.arduino.utils.network.FileDownloader.readStreamCopyTo(FileDownloader.java:268) ~[arduino-core.jar:?]
	at cc.arduino.utils.network.FileDownloader.openConnectionAndFillTheFile(FileDownloader.java:247) ~[arduino-core.jar:?]
	at cc.arduino.utils.network.FileDownloader.downloadFile(FileDownloader.java:177) [arduino-core.jar:?]
	at cc.arduino.utils.network.FileDownloader.download(FileDownloader.java:129) [arduino-core.jar:?]
	at cc.arduino.contributions.DownloadableContributionsDownloader.download(DownloadableContributionsDownloader.java:147) [arduino-core.jar:?]
	at cc.arduino.contributions.DownloadableContributionsDownloader.downloadIndexAndSignature(DownloadableContributionsDownloader.java:165) [arduino-core.jar:?]
	at cc.arduino.contributions.packages.ContributionInstaller.updateIndex(ContributionInstaller.java:306) [arduino-core.jar:?]
	at cc.arduino.contributions.ContributionsSelfCheck.updateContributionIndex(ContributionsSelfCheck.java:215) [pde.jar:?]
	at cc.arduino.contributions.ContributionsSelfCheck.run(ContributionsSelfCheck.java:75) [pde.jar:?]
	at java.util.TimerThread.mainLoop(Timer.java:555) [?:1.8.0_191]
	at java.util.TimerThread.run(Timer.java:505) [?:1.8.0_191]
2020-02-23T07:02:16.952Z ERROR c.a.c.DownloadableContributionsDownloader:181 [Timer-0] Cannot download the package index from https://downloads.arduino.cc/packages/package_index.json the package will be discard
java.lang.Exception: Error downloading https://downloads.arduino.cc/packages/package_index.json
	at cc.arduino.contributions.DownloadableContributionsDownloader.download(DownloadableContributionsDownloader.java:149) ~[arduino-core.jar:?]
	at cc.arduino.contributions.DownloadableContributionsDownloader.downloadIndexAndSignature(DownloadableContributionsDownloader.java:165) [arduino-core.jar:?]
	at cc.arduino.contributions.packages.ContributionInstaller.updateIndex(ContributionInstaller.java:306) [arduino-core.jar:?]
	at cc.arduino.contributions.ContributionsSelfCheck.updateContributionIndex(ContributionsSelfCheck.java:215) [pde.jar:?]
	at cc.arduino.contributions.ContributionsSelfCheck.run(ContributionsSelfCheck.java:75) [pde.jar:?]
	at java.util.TimerThread.mainLoop(Timer.java:555) [?:1.8.0_191]
	at java.util.TimerThread.run(Timer.java:505) [?:1.8.0_191]
Caused by: java.net.SocketException: Network is unreachable: recv failed
	at java.net.SocketInputStream.socketRead0(Native Method) ~[?:1.8.0_191]
	at java.net.SocketInputStream.socketRead(SocketInputStream.java:116) ~[?:1.8.0_191]
	at java.net.SocketInputStream.read(SocketInputStream.java:171) ~[?:1.8.0_191]
	at java.net.SocketInputStream.read(SocketInputStream.java:141) ~[?:1.8.0_191]
	at sun.security.ssl.InputRecord.readFully(InputRecord.java:465) ~[?:1.8.0_191]
	at sun.security.ssl.InputRecord.readV3Record(InputRecord.java:593) ~[?:1.8.0_191]
	at sun.security.ssl.InputRecord.read(InputRecord.java:532) ~[?:1.8.0_191]
	at sun.security.ssl.SSLSocketImpl.readRecord(SSLSocketImpl.java:975) ~[?:1.8.0_191]
	at sun.security.ssl.SSLSocketImpl.readDataRecord(SSLSocketImpl.java:933) ~[?:1.8.0_191]
	at sun.security.ssl.AppInputStream.read(AppInputStream.java:105) ~[?:1.8.0_191]
	at java.io.BufferedInputStream.read1(BufferedInputStream.java:284) ~[?:1.8.0_191]
	at java.io.BufferedInputStream.read(BufferedInputStream.java:345) ~[?:1.8.0_191]
	at sun.net.www.MeteredStream.read(MeteredStream.java:134) ~[?:1.8.0_191]
	at java.io.FilterInputStream.read(FilterInputStream.java:133) ~[?:1.8.0_191]
	at sun.net.www.protocol.http.HttpURLConnection$HttpInputStream.read(HttpURLConnection.java:3444) ~[?:1.8.0_191]
	at sun.net.www.protocol.http.HttpURLConnection$HttpInputStream.read(HttpURLConnection.java:3437) ~[?:1.8.0_191]
	at cc.arduino.utils.network.FileDownloader.readStreamCopyTo(FileDownloader.java:268) ~[arduino-core.jar:?]
	at cc.arduino.utils.network.FileDownloader.openConnectionAndFillTheFile(FileDownloader.java:247) ~[arduino-core.jar:?]
	at cc.arduino.utils.network.FileDownloader.downloadFile(FileDownloader.java:177) ~[arduino-core.jar:?]
	at cc.arduino.utils.network.FileDownloader.download(FileDownloader.java:129) ~[arduino-core.jar:?]
	at cc.arduino.contributions.DownloadableContributionsDownloader.download(DownloadableContributionsDownloader.java:147) ~[arduino-core.jar:?]
	... 6 more
2020-02-23T07:02:16.954Z ERROR c.a.c.p.ContributionInstaller:308 [Timer-0] Error downloading https://downloads.arduino.cc/packages/package_index.json
java.lang.Exception: Error downloading https://downloads.arduino.cc/packages/package_index.json
	at cc.arduino.contributions.DownloadableContributionsDownloader.download(DownloadableContributionsDownloader.java:149) ~[arduino-core.jar:?]
	at cc.arduino.contributions.DownloadableContributionsDownloader.downloadIndexAndSignature(DownloadableContributionsDownloader.java:165) ~[arduino-core.jar:?]
	at cc.arduino.contributions.packages.ContributionInstaller.updateIndex(ContributionInstaller.java:306) [arduino-core.jar:?]
	at cc.arduino.contributions.ContributionsSelfCheck.updateContributionIndex(ContributionsSelfCheck.java:215) [pde.jar:?]
	at cc.arduino.contributions.ContributionsSelfCheck.run(ContributionsSelfCheck.java:75) [pde.jar:?]
	at java.util.TimerThread.mainLoop(Timer.java:555) [?:1.8.0_191]
	at java.util.TimerThread.run(Timer.java:505) [?:1.8.0_191]
Caused by: java.net.SocketException: Network is unreachable: recv failed
	at java.net.SocketInputStream.socketRead0(Native Method) ~[?:1.8.0_191]
	at java.net.SocketInputStream.socketRead(SocketInputStream.java:116) ~[?:1.8.0_191]
	at java.net.SocketInputStream.read(SocketInputStream.java:171) ~[?:1.8.0_191]
	at java.net.SocketInputStream.read(SocketInputStream.java:141) ~[?:1.8.0_191]
	at sun.security.ssl.InputRecord.readFully(InputRecord.java:465) ~[?:1.8.0_191]
	at sun.security.ssl.InputRecord.readV3Record(InputRecord.java:593) ~[?:1.8.0_191]
	at sun.security.ssl.InputRecord.read(InputRecord.java:532) ~[?:1.8.0_191]
	at sun.security.ssl.SSLSocketImpl.readRecord(SSLSocketImpl.java:975) ~[?:1.8.0_191]
	at sun.security.ssl.SSLSocketImpl.readDataRecord(SSLSocketImpl.java:933) ~[?:1.8.0_191]
	at sun.security.ssl.AppInputStream.read(AppInputStream.java:105) ~[?:1.8.0_191]
	at java.io.BufferedInputStream.read1(BufferedInputStream.java:284) ~[?:1.8.0_191]
	at java.io.BufferedInputStream.read(BufferedInputStream.java:345) ~[?:1.8.0_191]
	at sun.net.www.MeteredStream.read(MeteredStream.java:134) ~[?:1.8.0_191]
	at java.io.FilterInputStream.read(FilterInputStream.java:133) ~[?:1.8.0_191]
	at sun.net.www.protocol.http.HttpURLConnection$HttpInputStream.read(HttpURLConnection.java:3444) ~[?:1.8.0_191]
	at sun.net.www.protocol.http.HttpURLConnection$HttpInputStream.read(HttpURLConnection.java:3437) ~[?:1.8.0_191]
	at cc.arduino.utils.network.FileDownloader.readStreamCopyTo(FileDownloader.java:268) ~[arduino-core.jar:?]
	at cc.arduino.utils.network.FileDownloader.openConnectionAndFillTheFile(FileDownloader.java:247) ~[arduino-core.jar:?]
	at cc.arduino.utils.network.FileDownloader.downloadFile(FileDownloader.java:177) ~[arduino-core.jar:?]
	at cc.arduino.utils.network.FileDownloader.download(FileDownloader.java:129) ~[arduino-core.jar:?]
	at cc.arduino.contributions.DownloadableContributionsDownloader.download(DownloadableContributionsDownloader.java:147) ~[arduino-core.jar:?]
	... 6 more
2020-02-23T07:02:16.955Z INFO c.a.c.p.ContributionInstaller:314 [Timer-0] Downloaded package index URL=[https://downloads.arduino.cc/packages/package_index.json]
2020-02-23T07:02:16.960Z INFO c.a.u.n.FileDownloaderCache:149 [Timer-0] Get file cached is expire true, exist false, info FileCached{eTag='null', lastETag='null', remoteURL='https://downloads.arduino.cc/libraries/library_index.json.gz', localPath='C:\Users\vishesh\Documents\ArduinoData\cache\downloads.arduino.cc\libraries\library_index.json.gz', md5='null', createdAt='2020-02-23T12:32:16.959', cacheControl=null} 
2020-02-23T07:02:16.961Z DEBUG c.a.u.n.HttpConnectionManager:125 [Timer-0] Using proxy DIRECT
2020-02-23T07:02:16.961Z INFO c.a.u.n.HttpConnectionManager:148 [Timer-0] Connect to https://downloads.arduino.cc/libraries/library_index.json.gz, method=HEAD, request id=89B7D47BC4FB48AD
2020-02-23T07:02:20.251Z INFO c.a.u.n.HttpConnectionManager:152 [Timer-0] Request complete URL="https://downloads.arduino.cc/libraries/library_index.json.gz", method=HEAD, response code=206, request id=89B7D47BC4FB48AD, headers={null=[HTTP/1.1 206 Partial Content], Server=[cloudflare], Alt-Svc=[h3-25=":443"; ma=86400, h3-24=":443"; ma=86400, h3-23=":443"; ma=86400], Content-Range=[bytes 0-1170077/1170078], Last-Modified=[Sun, 23 Feb 2020 06:32:59 GMT], X-Amz-Cf-Id=[3CWnHkLfkSype5o0EtqDj1_qvmKqTtQGtiGU36yAg3o7YkhrMO5mmA==], Set-Cookie=[__cfduid=d03bc389670ec3aed20f03178f6e5d23a1582441339; expires=Tue, 24-Mar-20 07:02:19 GMT; path=/; domain=.arduino.cc; HttpOnly; SameSite=Lax], Content-Length=[1170078], Age=[1731], Content-Type=[application/json], X-Cache=[Hit from cloudfront], CF-Ray=[569755612b72dc95-MAA], X-Amz-Cf-Pop=[AMS54-C1], Connection=[keep-alive], x-amz-version-id=[YLD2qqzPUxgJY_SkmBu6H3BOD6R8uMM9], Date=[Sun, 23 Feb 2020 07:02:19 GMT], Via=[1.1 2e0227ef3f0af98f7b4e1f8452f59f84.cloudfront.net (CloudFront)], x-amz-replication-status=[COMPLETED], CF-Cache-Status=[HIT], Cache-Control=[private, max-age=14400], ETag=["4a49f01a5fdf8bf1082cbf0377eaf23f"], Vary=[Accept-Encoding], x-amz-request-id=[7C3592FFC229E354], x-amz-id-2=[6m61rye/Xl7lBA5XxYMCxkmVGg2ML7FUJgJ3c6vbURecNYDcCZTn9Z5d7CXnKZuJImX4Q4dRb70=], Expect-CT=[max-age=604800, report-uri="https://report-uri.cloudflare.com/cdn-cgi/beacon/expect-ct"]}
2020-02-23T07:02:20.251Z INFO c.a.u.n.FileDownloaderCache:160 [Timer-0] Update cached info of https://downloads.arduino.cc/libraries/library_index.json.gz, createdAt 2020-02-23T12:32:16.959, previous eTag null, last eTag 4a49f01a5fdf8bf1082cbf0377eaf23f, cache control header CacheControl{maxAge=14400, isMustRevalidate=false, isNoCache=false, isNoStore=false} 
2020-02-23T07:02:20.253Z INFO c.a.u.n.FileDownloaderCache:226 [Timer-0] Update cache file info in C:\Users\vishesh\Documents\ArduinoData\cache\cache.json, number of cached files is 2
2020-02-23T07:02:20.253Z INFO c.a.u.n.FileDownloader:213 [Timer-0] The file in the cache is not in the path or the md5 validation failed: path=C:\Users\vishesh\Documents\ArduinoData\cache\downloads.arduino.cc\libraries\library_index.json.gz, file exist=false, md5 validation=false
2020-02-23T07:02:20.254Z INFO c.a.u.n.FileDownloader:221 [Timer-0] The file is change FileCached{eTag='null', lastETag='4a49f01a5fdf8bf1082cbf0377eaf23f', remoteURL='https://downloads.arduino.cc/libraries/library_index.json.gz', localPath='C:\Users\vishesh\Documents\ArduinoData\cache\downloads.arduino.cc\libraries\library_index.json.gz', md5='null', createdAt='2020-02-23T12:32:20.251', cacheControl=CacheControl{maxAge=14400, isMustRevalidate=false, isNoCache=false, isNoStore=false}}
2020-02-23T07:02:20.254Z DEBUG c.a.u.n.FileDownloaderCache:299 [Timer-0] The file "C:\Users\vishesh\Documents\ArduinoData\cache\downloads.arduino.cc\libraries\library_index.json.gz" is changed last ETag != now Etag (4a49f01a5fdf8bf1082cbf0377eaf23f!=null)
2020-02-23T07:02:20.254Z DEBUG c.a.u.n.HttpConnectionManager:125 [Timer-0] Using proxy DIRECT
2020-02-23T07:02:20.254Z INFO c.a.u.n.HttpConnectionManager:148 [Timer-0] Connect to https://downloads.arduino.cc/libraries/library_index.json.gz, method=GET, request id=E85EA49CB658443F
2020-02-23T07:02:25.260Z INFO c.a.u.n.HttpConnectionManager:152 [Timer-0] Request complete URL="https://downloads.arduino.cc/libraries/library_index.json.gz", method=GET, response code=206, request id=E85EA49CB658443F, headers={null=[HTTP/1.1 206 Partial Content], Server=[cloudflare], Alt-Svc=[h3-25=":443"; ma=86400, h3-24=":443"; ma=86400, h3-23=":443"; ma=86400], Content-Range=[bytes 0-1170077/1170078], Last-Modified=[Sun, 23 Feb 2020 06:32:59 GMT], X-Amz-Cf-Id=[3CWnHkLfkSype5o0EtqDj1_qvmKqTtQGtiGU36yAg3o7YkhrMO5mmA==], Set-Cookie=[__cfduid=d77f8f52b00a79e17fa4ee81168c0851e1582441342; expires=Tue, 24-Mar-20 07:02:22 GMT; path=/; domain=.arduino.cc; HttpOnly; SameSite=Lax], Content-Length=[1170078], Age=[1734], Content-Type=[application/json], X-Cache=[Hit from cloudfront], CF-Ray=[569755747ba4dc95-MAA], X-Amz-Cf-Pop=[AMS54-C1], Connection=[keep-alive], x-amz-version-id=[YLD2qqzPUxgJY_SkmBu6H3BOD6R8uMM9], Date=[Sun, 23 Feb 2020 07:02:22 GMT], Via=[1.1 2e0227ef3f0af98f7b4e1f8452f59f84.cloudfront.net (CloudFront)], x-amz-replication-status=[COMPLETED], CF-Cache-Status=[HIT], Cache-Control=[private, max-age=14400], ETag=["4a49f01a5fdf8bf1082cbf0377eaf23f"], Vary=[Accept-Encoding], x-amz-request-id=[7C3592FFC229E354], x-amz-id-2=[6m61rye/Xl7lBA5XxYMCxkmVGg2ML7FUJgJ3c6vbURecNYDcCZTn9Z5d7CXnKZuJImX4Q4dRb70=], Expect-CT=[max-age=604800, report-uri="https://report-uri.cloudflare.com/cdn-cgi/beacon/expect-ct"]}
2020-03-17T02:44:57.817Z INFO c.a.c.p.ContributionInstaller:305 [Timer-0] Start download and signature check of=[https://downloads.arduino.cc/packages/package_index.json]
2020-03-17T02:44:57.825Z INFO c.a.u.n.FileDownloaderCache:92 [Timer-0] Cache folder C:\Users\vishesh\Documents\ArduinoData\cache
2020-03-17T02:44:57.935Z INFO c.a.u.n.FileDownloaderCache:112 [Timer-0] Number of file already in the cache 1
2020-03-17T02:44:57.994Z INFO c.a.u.n.FileDownloaderCache:149 [Timer-0] Get file cached is expire true, exist true, info FileCached{eTag='null', lastETag='null', remoteURL='https://downloads.arduino.cc/packages/package_index.json', localPath='C:\Users\vishesh\Documents\ArduinoData\cache\downloads.arduino.cc\packages\package_index.json', md5='null', createdAt='2020-02-23T12:29:27.604', cacheControl=CacheControl{maxAge=3600, isMustRevalidate=false, isNoCache=false, isNoStore=false}} 
2020-03-17T02:44:57.998Z DEBUG c.a.u.n.HttpConnectionManager:125 [Timer-0] Using proxy DIRECT
2020-03-17T02:44:57.999Z INFO c.a.u.n.HttpConnectionManager:148 [Timer-0] Connect to https://downloads.arduino.cc/packages/package_index.json, method=HEAD, request id=BE252D453C6C4215
2020-03-17T02:44:58.383Z INFO c.a.u.n.HttpConnectionManager:152 [Timer-0] Request complete URL="https://downloads.arduino.cc/packages/package_index.json", method=HEAD, response code=206, request id=BE252D453C6C4215, headers={null=[HTTP/1.1 206 Partial Content], Server=[cloudflare], Content-Range=[bytes 0-289910/289911], Last-Modified=[Mon, 16 Mar 2020 14:41:26 GMT], X-Amz-Cf-Id=[8G1DtJI7shO8GOBUmFPsuZZwSdm8tUaw9SqyuCclsc1H7nL5DbfWCw==], Set-Cookie=[__cfduid=de0e38005e944446150b708906f3502b61584413097; expires=Thu, 16-Apr-20 02:44:57 GMT; path=/; domain=.arduino.cc; HttpOnly; SameSite=Lax], Content-Length=[289911], Age=[2131], Content-Type=[application/json], X-Cache=[RefreshHit from cloudfront], CF-Ray=[57536000ccd2dea6-BLR], X-Amz-Cf-Pop=[TLV50-C1], Connection=[keep-alive], x-amz-version-id=[4neKAsZBSFI_KD9vulbYU2w31gdrD9u0], Date=[Tue, 17 Mar 2020 02:44:57 GMT], Via=[1.1 d5d5fbb221d1e1e64574f5113ce6ed5c.cloudfront.net (CloudFront)], x-amz-replication-status=[COMPLETED], CF-Cache-Status=[HIT], Cache-Control=[max-age=3600], ETag=["75d3f603aa2507e22071bf82629810d3"], Vary=[Accept-Encoding], x-amz-request-id=[FB11B6284A9EB2D5], alt-svc=[h3-27=":443"; ma=86400, h3-25=":443"; ma=86400, h3-24=":443"; ma=86400, h3-23=":443"; ma=86400], x-amz-id-2=[P/2q9/e927Gzhk7GpEhrYP12kp7OOlFMko3U1+SAg4is5i0DKXlskgcEPzBmpXpbw8juWhNUgJ0=], Expect-CT=[max-age=604800, report-uri="https://report-uri.cloudflare.com/cdn-cgi/beacon/expect-ct"]}
2020-03-17T02:44:58.383Z INFO c.a.u.n.FileDownloaderCache:160 [Timer-0] Update cached info of https://downloads.arduino.cc/packages/package_index.json, createdAt 2020-02-23T12:29:27.604, previous eTag null, last eTag 75d3f603aa2507e22071bf82629810d3, cache control header CacheControl{maxAge=3600, isMustRevalidate=false, isNoCache=false, isNoStore=false} 
2020-03-17T02:44:58.409Z INFO c.a.u.n.FileDownloaderCache:226 [Timer-0] Update cache file info in C:\Users\vishesh\Documents\ArduinoData\cache\cache.json, number of cached files is 1
2020-03-17T02:44:58.412Z INFO c.a.u.n.FileDownloader:213 [Timer-0] The file in the cache is not in the path or the md5 validation failed: path=C:\Users\vishesh\Documents\ArduinoData\cache\downloads.arduino.cc\packages\package_index.json, file exist=true, md5 validation=false
2020-03-17T02:44:58.412Z INFO c.a.u.n.FileDownloader:221 [Timer-0] The file is change FileCached{eTag='null', lastETag='75d3f603aa2507e22071bf82629810d3', remoteURL='https://downloads.arduino.cc/packages/package_index.json', localPath='C:\Users\vishesh\Documents\ArduinoData\cache\downloads.arduino.cc\packages\package_index.json', md5='null', createdAt='2020-03-17T08:14:58.383', cacheControl=CacheControl{maxAge=3600, isMustRevalidate=false, isNoCache=false, isNoStore=false}}
2020-03-17T02:44:58.413Z DEBUG c.a.u.n.FileDownloaderCache:299 [Timer-0] The file "C:\Users\vishesh\Documents\ArduinoData\cache\downloads.arduino.cc\packages\package_index.json" is changed last ETag != now Etag (75d3f603aa2507e22071bf82629810d3!=null)
2020-03-17T02:44:58.413Z DEBUG c.a.u.n.HttpConnectionManager:125 [Timer-0] Using proxy DIRECT
2020-03-17T02:44:58.413Z INFO c.a.u.n.HttpConnectionManager:148 [Timer-0] Connect to https://downloads.arduino.cc/packages/package_index.json, method=GET, request id=3CB77C9F513045D0
2020-03-17T02:44:58.666Z INFO c.a.u.n.HttpConnectionManager:152 [Timer-0] Request complete URL="https://downloads.arduino.cc/packages/package_index.json", method=GET, response code=206, request id=3CB77C9F513045D0, headers={null=[HTTP/1.1 206 Partial Content], Server=[cloudflare], Content-Range=[bytes 0-289910/289911], Last-Modified=[Mon, 16 Mar 2020 14:41:26 GMT], X-Amz-Cf-Id=[8G1DtJI7shO8GOBUmFPsuZZwSdm8tUaw9SqyuCclsc1H7nL5DbfWCw==], Set-Cookie=[__cfduid=de0e38005e944446150b708906f3502b61584413097; expires=Thu, 16-Apr-20 02:44:57 GMT; path=/; domain=.arduino.cc; HttpOnly; SameSite=Lax], Content-Length=[289911], Age=[2131], Content-Type=[application/json], X-Cache=[RefreshHit from cloudfront], CF-Ray=[575360027825dea6-BLR], X-Amz-Cf-Pop=[TLV50-C1], Connection=[keep-alive], x-amz-version-id=[4neKAsZBSFI_KD9vulbYU2w31gdrD9u0], Date=[Tue, 17 Mar 2020 02:44:57 GMT], Via=[1.1 d5d5fbb221d1e1e64574f5113ce6ed5c.cloudfront.net (CloudFront)], x-amz-replication-status=[COMPLETED], CF-Cache-Status=[HIT], Cache-Control=[max-age=3600], ETag=["75d3f603aa2507e22071bf82629810d3"], Vary=[Accept-Encoding], x-amz-request-id=[FB11B6284A9EB2D5], alt-svc=[h3-27=":443"; ma=86400, h3-25=":443"; ma=86400, h3-24=":443"; ma=86400, h3-23=":443"; ma=86400], x-amz-id-2=[P/2q9/e927Gzhk7GpEhrYP12kp7OOlFMko3U1+SAg4is5i0DKXlskgcEPzBmpXpbw8juWhNUgJ0=], Expect-CT=[max-age=604800, report-uri="https://report-uri.cloudflare.com/cdn-cgi/beacon/expect-ct"]}
2020-03-17T02:44:58.865Z INFO c.a.u.n.FileDownloaderCache:343 [Timer-0] Update cache file: FileCached{eTag='75d3f603aa2507e22071bf82629810d3', lastETag='75d3f603aa2507e22071bf82629810d3', remoteURL='https://downloads.arduino.cc/packages/package_index.json', localPath='C:\Users\vishesh\Documents\ArduinoData\cache\downloads.arduino.cc\packages\package_index.json', md5='MD5:75d3f603aa2507e22071bf82629810d3', createdAt='2020-03-17T08:14:58.865', cacheControl=CacheControl{maxAge=3600, isMustRevalidate=false, isNoCache=false, isNoStore=false}}
2020-03-17T02:44:58.866Z INFO c.a.u.n.FileDownloaderCache:226 [Timer-0] Update cache file info in C:\Users\vishesh\Documents\ArduinoData\cache\cache.json, number of cached files is 1
2020-03-17T02:44:58.867Z INFO c.a.u.n.FileDownloaderCache:149 [Timer-0] Get file cached is expire true, exist true, info FileCached{eTag='null', lastETag='null', remoteURL='https://downloads.arduino.cc/packages/package_index.json.sig', localPath='C:\Users\vishesh\Documents\ArduinoData\cache\downloads.arduino.cc\packages\package_index.json.sig', md5='null', createdAt='2020-03-17T08:14:58.867', cacheControl=null} 
2020-03-17T02:44:58.867Z DEBUG c.a.u.n.HttpConnectionManager:125 [Timer-0] Using proxy DIRECT
2020-03-17T02:44:58.868Z INFO c.a.u.n.HttpConnectionManager:148 [Timer-0] Connect to https://downloads.arduino.cc/packages/package_index.json.sig, method=HEAD, request id=D654A147650D4DC0
2020-03-17T05:52:03.968Z ERROR c.a.u.n.FileDownloader:199 [Timer-0] The request stop
java.net.UnknownHostException: downloads.arduino.cc
	at java.net.AbstractPlainSocketImpl.connect(AbstractPlainSocketImpl.java:184) ~[?:1.8.0_191]
	at java.net.PlainSocketImpl.connect(PlainSocketImpl.java:172) ~[?:1.8.0_191]
	at java.net.SocksSocketImpl.connect(SocksSocketImpl.java:392) ~[?:1.8.0_191]
	at java.net.Socket.connect(Socket.java:589) ~[?:1.8.0_191]
	at sun.security.ssl.SSLSocketImpl.connect(SSLSocketImpl.java:666) ~[?:1.8.0_191]
	at sun.net.NetworkClient.doConnect(NetworkClient.java:175) ~[?:1.8.0_191]
	at sun.net.www.http.HttpClient.openServer(HttpClient.java:463) ~[?:1.8.0_191]
	at sun.net.www.http.HttpClient.openServer(HttpClient.java:558) ~[?:1.8.0_191]
	at sun.net.www.http.HttpClient.parseHTTP(HttpClient.java:698) ~[?:1.8.0_191]
	at sun.net.www.protocol.http.HttpURLConnection.getInputStream0(HttpURLConnection.java:1587) ~[?:1.8.0_191]
	at sun.net.www.protocol.http.HttpURLConnection.getInputStream(HttpURLConnection.java:1492) ~[?:1.8.0_191]
	at java.net.HttpURLConnection.getResponseCode(HttpURLConnection.java:480) ~[?:1.8.0_191]
	at sun.net.www.protocol.https.HttpsURLConnectionImpl.getResponseCode(HttpsURLConnectionImpl.java:347) ~[?:1.8.0_191]
	at cc.arduino.utils.network.HttpConnectionManager.makeConnection(HttpConnectionManager.java:151) ~[arduino-core.jar:?]
	at cc.arduino.utils.network.HttpConnectionManager.makeConnection(HttpConnectionManager.java:106) ~[arduino-core.jar:?]
	at cc.arduino.utils.network.FileDownloaderCache.updateCacheInfo(FileDownloaderCache.java:184) ~[arduino-core.jar:?]
	at cc.arduino.utils.network.FileDownloaderCache.getFileCached(FileDownloaderCache.java:153) ~[arduino-core.jar:?]
	at cc.arduino.utils.network.FileDownloader.downloadFile(FileDownloader.java:167) [arduino-core.jar:?]
	at cc.arduino.utils.network.FileDownloader.download(FileDownloader.java:129) [arduino-core.jar:?]
	at cc.arduino.contributions.DownloadableContributionsDownloader.download(DownloadableContributionsDownloader.java:147) [arduino-core.jar:?]
	at cc.arduino.contributions.DownloadableContributionsDownloader.download(DownloadableContributionsDownloader.java:130) [arduino-core.jar:?]
	at cc.arduino.contributions.DownloadableContributionsDownloader.checkSignature(DownloadableContributionsDownloader.java:215) [arduino-core.jar:?]
	at cc.arduino.contributions.DownloadableContributionsDownloader.downloadIndexAndSignature(DownloadableContributionsDownloader.java:169) [arduino-core.jar:?]
	at cc.arduino.contributions.packages.ContributionInstaller.updateIndex(ContributionInstaller.java:306) [arduino-core.jar:?]
	at cc.arduino.contributions.ContributionsSelfCheck.updateContributionIndex(ContributionsSelfCheck.java:215) [pde.jar:?]
	at cc.arduino.contributions.ContributionsSelfCheck.run(ContributionsSelfCheck.java:75) [pde.jar:?]
	at java.util.TimerThread.mainLoop(Timer.java:555) [?:1.8.0_191]
	at java.util.TimerThread.run(Timer.java:505) [?:1.8.0_191]
2020-03-17T05:52:04.080Z ERROR c.a.c.DownloadableContributionsDownloader:236 [Timer-0] Cannot download the signature from https://downloads.arduino.cc/packages/package_index.json.sig the package will be discard
java.lang.Exception: Error downloading https://downloads.arduino.cc/packages/package_index.json.sig
	at cc.arduino.contributions.DownloadableContributionsDownloader.download(DownloadableContributionsDownloader.java:149) ~[arduino-core.jar:?]
	at cc.arduino.contributions.DownloadableContributionsDownloader.download(DownloadableContributionsDownloader.java:130) ~[arduino-core.jar:?]
	at cc.arduino.contributions.DownloadableContributionsDownloader.checkSignature(DownloadableContributionsDownloader.java:215) [arduino-core.jar:?]
	at cc.arduino.contributions.DownloadableContributionsDownloader.downloadIndexAndSignature(DownloadableContributionsDownloader.java:169) [arduino-core.jar:?]
	at cc.arduino.contributions.packages.ContributionInstaller.updateIndex(ContributionInstaller.java:306) [arduino-core.jar:?]
	at cc.arduino.contributions.ContributionsSelfCheck.updateContributionIndex(ContributionsSelfCheck.java:215) [pde.jar:?]
	at cc.arduino.contributions.ContributionsSelfCheck.run(ContributionsSelfCheck.java:75) [pde.jar:?]
	at java.util.TimerThread.mainLoop(Timer.java:555) [?:1.8.0_191]
	at java.util.TimerThread.run(Timer.java:505) [?:1.8.0_191]
Caused by: java.net.UnknownHostException: downloads.arduino.cc
	at java.net.AbstractPlainSocketImpl.connect(AbstractPlainSocketImpl.java:184) ~[?:1.8.0_191]
	at java.net.PlainSocketImpl.connect(PlainSocketImpl.java:172) ~[?:1.8.0_191]
	at java.net.SocksSocketImpl.connect(SocksSocketImpl.java:392) ~[?:1.8.0_191]
	at java.net.Socket.connect(Socket.java:589) ~[?:1.8.0_191]
	at sun.security.ssl.SSLSocketImpl.connect(SSLSocketImpl.java:666) ~[?:1.8.0_191]
	at sun.net.NetworkClient.doConnect(NetworkClient.java:175) ~[?:1.8.0_191]
	at sun.net.www.http.HttpClient.openServer(HttpClient.java:463) ~[?:1.8.0_191]
	at sun.net.www.http.HttpClient.openServer(HttpClient.java:558) ~[?:1.8.0_191]
	at sun.net.www.http.HttpClient.parseHTTP(HttpClient.java:698) ~[?:1.8.0_191]
	at sun.net.www.protocol.http.HttpURLConnection.getInputStream0(HttpURLConnection.java:1587) ~[?:1.8.0_191]
	at sun.net.www.protocol.http.HttpURLConnection.getInputStream(HttpURLConnection.java:1492) ~[?:1.8.0_191]
	at java.net.HttpURLConnection.getResponseCode(HttpURLConnection.java:480) ~[?:1.8.0_191]
	at sun.net.www.protocol.https.HttpsURLConnectionImpl.getResponseCode(HttpsURLConnectionImpl.java:347) ~[?:1.8.0_191]
	at cc.arduino.utils.network.HttpConnectionManager.makeConnection(HttpConnectionManager.java:151) ~[arduino-core.jar:?]
	at cc.arduino.utils.network.HttpConnectionManager.makeConnection(HttpConnectionManager.java:106) ~[arduino-core.jar:?]
	at cc.arduino.utils.network.FileDownloaderCache.updateCacheInfo(FileDownloaderCache.java:184) ~[arduino-core.jar:?]
	at cc.arduino.utils.network.FileDownloaderCache.getFileCached(FileDownloaderCache.java:153) ~[arduino-core.jar:?]
	at cc.arduino.utils.network.FileDownloader.downloadFile(FileDownloader.java:167) ~[arduino-core.jar:?]
	at cc.arduino.utils.network.FileDownloader.download(FileDownloader.java:129) ~[arduino-core.jar:?]
	at cc.arduino.contributions.DownloadableContributionsDownloader.download(DownloadableContributionsDownloader.java:147) ~[arduino-core.jar:?]
	... 8 more
2020-03-17T05:52:04.081Z ERROR c.a.c.DownloadableContributionsDownloader:181 [Timer-0] Cannot download the package index from https://downloads.arduino.cc/packages/package_index.json the package will be discard
java.lang.Exception: Error downloading https://downloads.arduino.cc/packages/package_index.json.sig
	at cc.arduino.contributions.DownloadableContributionsDownloader.download(DownloadableContributionsDownloader.java:149) ~[arduino-core.jar:?]
	at cc.arduino.contributions.DownloadableContributionsDownloader.download(DownloadableContributionsDownloader.java:130) ~[arduino-core.jar:?]
	at cc.arduino.contributions.DownloadableContributionsDownloader.checkSignature(DownloadableContributionsDownloader.java:215) ~[arduino-core.jar:?]
	at cc.arduino.contributions.DownloadableContributionsDownloader.downloadIndexAndSignature(DownloadableContributionsDownloader.java:169) [arduino-core.jar:?]
	at cc.arduino.contributions.packages.ContributionInstaller.updateIndex(ContributionInstaller.java:306) [arduino-core.jar:?]
	at cc.arduino.contributions.ContributionsSelfCheck.updateContributionIndex(ContributionsSelfCheck.java:215) [pde.jar:?]
	at cc.arduino.contributions.ContributionsSelfCheck.run(ContributionsSelfCheck.java:75) [pde.jar:?]
	at java.util.TimerThread.mainLoop(Timer.java:555) [?:1.8.0_191]
	at java.util.TimerThread.run(Timer.java:505) [?:1.8.0_191]
Caused by: java.net.UnknownHostException: downloads.arduino.cc
	at java.net.AbstractPlainSocketImpl.connect(AbstractPlainSocketImpl.java:184) ~[?:1.8.0_191]
	at java.net.PlainSocketImpl.connect(PlainSocketImpl.java:172) ~[?:1.8.0_191]
	at java.net.SocksSocketImpl.connect(SocksSocketImpl.java:392) ~[?:1.8.0_191]
	at java.net.Socket.connect(Socket.java:589) ~[?:1.8.0_191]
	at sun.security.ssl.SSLSocketImpl.connect(SSLSocketImpl.java:666) ~[?:1.8.0_191]
	at sun.net.NetworkClient.doConnect(NetworkClient.java:175) ~[?:1.8.0_191]
	at sun.net.www.http.HttpClient.openServer(HttpClient.java:463) ~[?:1.8.0_191]
	at sun.net.www.http.HttpClient.openServer(HttpClient.java:558) ~[?:1.8.0_191]
	at sun.net.www.http.HttpClient.parseHTTP(HttpClient.java:698) ~[?:1.8.0_191]
	at sun.net.www.protocol.http.HttpURLConnection.getInputStream0(HttpURLConnection.java:1587) ~[?:1.8.0_191]
	at sun.net.www.protocol.http.HttpURLConnection.getInputStream(HttpURLConnection.java:1492) ~[?:1.8.0_191]
	at java.net.HttpURLConnection.getResponseCode(HttpURLConnection.java:480) ~[?:1.8.0_191]
	at sun.net.www.protocol.https.HttpsURLConnectionImpl.getResponseCode(HttpsURLConnectionImpl.java:347) ~[?:1.8.0_191]
	at cc.arduino.utils.network.HttpConnectionManager.makeConnection(HttpConnectionManager.java:151) ~[arduino-core.jar:?]
	at cc.arduino.utils.network.HttpConnectionManager.makeConnection(HttpConnectionManager.java:106) ~[arduino-core.jar:?]
	at cc.arduino.utils.network.FileDownloaderCache.updateCacheInfo(FileDownloaderCache.java:184) ~[arduino-core.jar:?]
	at cc.arduino.utils.network.FileDownloaderCache.getFileCached(FileDownloaderCache.java:153) ~[arduino-core.jar:?]
	at cc.arduino.utils.network.FileDownloader.downloadFile(FileDownloader.java:167) ~[arduino-core.jar:?]
	at cc.arduino.utils.network.FileDownloader.download(FileDownloader.java:129) ~[arduino-core.jar:?]
	at cc.arduino.contributions.DownloadableContributionsDownloader.download(DownloadableContributionsDownloader.java:147) ~[arduino-core.jar:?]
	... 8 more
2020-03-17T05:52:04.083Z ERROR c.a.c.p.ContributionInstaller:308 [Timer-0] Error downloading https://downloads.arduino.cc/packages/package_index.json.sig
java.lang.Exception: Error downloading https://downloads.arduino.cc/packages/package_index.json.sig
	at cc.arduino.contributions.DownloadableContributionsDownloader.download(DownloadableContributionsDownloader.java:149) ~[arduino-core.jar:?]
	at cc.arduino.contributions.DownloadableContributionsDownloader.download(DownloadableContributionsDownloader.java:130) ~[arduino-core.jar:?]
	at cc.arduino.contributions.DownloadableContributionsDownloader.checkSignature(DownloadableContributionsDownloader.java:215) ~[arduino-core.jar:?]
	at cc.arduino.contributions.DownloadableContributionsDownloader.downloadIndexAndSignature(DownloadableContributionsDownloader.java:169) ~[arduino-core.jar:?]
	at cc.arduino.contributions.packages.ContributionInstaller.updateIndex(ContributionInstaller.java:306) [arduino-core.jar:?]
	at cc.arduino.contributions.ContributionsSelfCheck.updateContributionIndex(ContributionsSelfCheck.java:215) [pde.jar:?]
	at cc.arduino.contributions.ContributionsSelfCheck.run(ContributionsSelfCheck.java:75) [pde.jar:?]
	at java.util.TimerThread.mainLoop(Timer.java:555) [?:1.8.0_191]
	at java.util.TimerThread.run(Timer.java:505) [?:1.8.0_191]
Caused by: java.net.UnknownHostException: downloads.arduino.cc
	at java.net.AbstractPlainSocketImpl.connect(AbstractPlainSocketImpl.java:184) ~[?:1.8.0_191]
	at java.net.PlainSocketImpl.connect(PlainSocketImpl.java:172) ~[?:1.8.0_191]
	at java.net.SocksSocketImpl.connect(SocksSocketImpl.java:392) ~[?:1.8.0_191]
	at java.net.Socket.connect(Socket.java:589) ~[?:1.8.0_191]
	at sun.security.ssl.SSLSocketImpl.connect(SSLSocketImpl.java:666) ~[?:1.8.0_191]
	at sun.net.NetworkClient.doConnect(NetworkClient.java:175) ~[?:1.8.0_191]
	at sun.net.www.http.HttpClient.openServer(HttpClient.java:463) ~[?:1.8.0_191]
	at sun.net.www.http.HttpClient.openServer(HttpClient.java:558) ~[?:1.8.0_191]
	at sun.net.www.http.HttpClient.parseHTTP(HttpClient.java:698) ~[?:1.8.0_191]
	at sun.net.www.protocol.http.HttpURLConnection.getInputStream0(HttpURLConnection.java:1587) ~[?:1.8.0_191]
	at sun.net.www.protocol.http.HttpURLConnection.getInputStream(HttpURLConnection.java:1492) ~[?:1.8.0_191]
	at java.net.HttpURLConnection.getResponseCode(HttpURLConnection.java:480) ~[?:1.8.0_191]
	at sun.net.www.protocol.https.HttpsURLConnectionImpl.getResponseCode(HttpsURLConnectionImpl.java:347) ~[?:1.8.0_191]
	at cc.arduino.utils.network.HttpConnectionManager.makeConnection(HttpConnectionManager.java:151) ~[arduino-core.jar:?]
	at cc.arduino.utils.network.HttpConnectionManager.makeConnection(HttpConnectionManager.java:106) ~[arduino-core.jar:?]
	at cc.arduino.utils.network.FileDownloaderCache.updateCacheInfo(FileDownloaderCache.java:184) ~[arduino-core.jar:?]
	at cc.arduino.utils.network.FileDownloaderCache.getFileCached(FileDownloaderCache.java:153) ~[arduino-core.jar:?]
	at cc.arduino.utils.network.FileDownloader.downloadFile(FileDownloader.java:167) ~[arduino-core.jar:?]
	at cc.arduino.utils.network.FileDownloader.download(FileDownloader.java:129) ~[arduino-core.jar:?]
	at cc.arduino.contributions.DownloadableContributionsDownloader.download(DownloadableContributionsDownloader.java:147) ~[arduino-core.jar:?]
	... 8 more
2020-03-17T05:52:04.084Z INFO c.a.c.p.ContributionInstaller:314 [Timer-0] Downloaded package index URL=[https://downloads.arduino.cc/packages/package_index.json]
2020-03-17T05:52:04.088Z INFO c.a.u.n.FileDownloaderCache:149 [Timer-0] Get file cached is expire true, exist false, info FileCached{eTag='null', lastETag='null', remoteURL='https://downloads.arduino.cc/libraries/library_index.json.gz', localPath='C:\Users\vishesh\Documents\ArduinoData\cache\downloads.arduino.cc\libraries\library_index.json.gz', md5='null', createdAt='2020-03-17T11:22:04.087', cacheControl=null} 
2020-03-17T05:52:04.089Z DEBUG c.a.u.n.HttpConnectionManager:125 [Timer-0] Using proxy DIRECT
2020-03-17T05:52:04.089Z INFO c.a.u.n.HttpConnectionManager:148 [Timer-0] Connect to https://downloads.arduino.cc/libraries/library_index.json.gz, method=HEAD, request id=3C6A0A13DFDD4756
2020-03-17T05:52:04.090Z ERROR c.a.u.n.FileDownloader:199 [Timer-0] The request stop
java.net.UnknownHostException: downloads.arduino.cc
	at java.net.AbstractPlainSocketImpl.connect(AbstractPlainSocketImpl.java:184) ~[?:1.8.0_191]
	at java.net.PlainSocketImpl.connect(PlainSocketImpl.java:172) ~[?:1.8.0_191]
	at java.net.SocksSocketImpl.connect(SocksSocketImpl.java:392) ~[?:1.8.0_191]
	at java.net.Socket.connect(Socket.java:589) ~[?:1.8.0_191]
	at sun.security.ssl.SSLSocketImpl.connect(SSLSocketImpl.java:666) ~[?:1.8.0_191]
	at sun.net.NetworkClient.doConnect(NetworkClient.java:175) ~[?:1.8.0_191]
	at sun.net.www.http.HttpClient.openServer(HttpClient.java:463) ~[?:1.8.0_191]
	at sun.net.www.http.HttpClient.openServer(HttpClient.java:558) ~[?:1.8.0_191]
	at sun.net.www.protocol.https.HttpsClient.<init>(HttpsClient.java:264) ~[?:1.8.0_191]
	at sun.net.www.protocol.https.HttpsClient.New(HttpsClient.java:367) ~[?:1.8.0_191]
	at sun.net.www.protocol.https.AbstractDelegateHttpsURLConnection.getNewHttpClient(AbstractDelegateHttpsURLConnection.java:191) ~[?:1.8.0_191]
	at sun.net.www.protocol.http.HttpURLConnection.plainConnect0(HttpURLConnection.java:1199) ~[?:1.8.0_191]
	at sun.net.www.protocol.http.HttpURLConnection.plainConnect(HttpURLConnection.java:1050) ~[?:1.8.0_191]
	at sun.net.www.protocol.https.AbstractDelegateHttpsURLConnection.connect(AbstractDelegateHttpsURLConnection.java:177) ~[?:1.8.0_191]
	at sun.net.www.protocol.https.HttpsURLConnectionImpl.connect(HttpsURLConnectionImpl.java:162) ~[?:1.8.0_191]
	at cc.arduino.utils.network.HttpConnectionManager.makeConnection(HttpConnectionManager.java:150) ~[arduino-core.jar:?]
	at cc.arduino.utils.network.HttpConnectionManager.makeConnection(HttpConnectionManager.java:106) ~[arduino-core.jar:?]
	at cc.arduino.utils.network.FileDownloaderCache.updateCacheInfo(FileDownloaderCache.java:184) ~[arduino-core.jar:?]
	at cc.arduino.utils.network.FileDownloaderCache.getFileCached(FileDownloaderCache.java:153) ~[arduino-core.jar:?]
	at cc.arduino.utils.network.FileDownloader.downloadFile(FileDownloader.java:167) [arduino-core.jar:?]
	at cc.arduino.utils.network.FileDownloader.download(FileDownloader.java:129) [arduino-core.jar:?]
	at cc.arduino.contributions.DownloadableContributionsDownloader.download(DownloadableContributionsDownloader.java:147) [arduino-core.jar:?]
	at cc.arduino.contributions.DownloadableContributionsDownloader.download(DownloadableContributionsDownloader.java:130) [arduino-core.jar:?]
	at cc.arduino.contributions.JsonDownloader.download(JsonDownloader.java:49) [arduino-core.jar:?]
	at cc.arduino.contributions.GZippedJsonDownloader.download(GZippedJsonDownloader.java:63) [arduino-core.jar:?]
	at cc.arduino.contributions.libraries.LibraryInstaller.updateIndex(LibraryInstaller.java:84) [arduino-core.jar:?]
	at cc.arduino.contributions.ContributionsSelfCheck.updateLibrariesIndex(ContributionsSelfCheck.java:204) [pde.jar:?]
	at cc.arduino.contributions.ContributionsSelfCheck.run(ContributionsSelfCheck.java:76) [pde.jar:?]
	at java.util.TimerThread.mainLoop(Timer.java:555) [?:1.8.0_191]
	at java.util.TimerThread.run(Timer.java:505) [?:1.8.0_191]
2020-03-17T05:52:04.091Z INFO c.a.u.n.FileDownloaderCache:149 [Timer-0] Get file cached is expire true, exist false, info FileCached{eTag='null', lastETag='null', remoteURL='https://downloads.arduino.cc/libraries/library_index.json', localPath='C:\Users\vishesh\Documents\ArduinoData\cache\downloads.arduino.cc\libraries\library_index.json', md5='null', createdAt='2020-03-17T11:22:04.091', cacheControl=null} 
2020-03-17T05:52:04.092Z DEBUG c.a.u.n.HttpConnectionManager:125 [Timer-0] Using proxy DIRECT
2020-03-17T05:52:04.092Z INFO c.a.u.n.HttpConnectionManager:148 [Timer-0] Connect to https://downloads.arduino.cc/libraries/library_index.json, method=HEAD, request id=5E409F84DE024C5C
2020-03-17T05:52:04.092Z ERROR c.a.u.n.FileDownloader:199 [Timer-0] The request stop
java.net.UnknownHostException: downloads.arduino.cc
	at java.net.AbstractPlainSocketImpl.connect(AbstractPlainSocketImpl.java:184) ~[?:1.8.0_191]
	at java.net.PlainSocketImpl.connect(PlainSocketImpl.java:172) ~[?:1.8.0_191]
	at java.net.SocksSocketImpl.connect(SocksSocketImpl.java:392) ~[?:1.8.0_191]
	at java.net.Socket.connect(Socket.java:589) ~[?:1.8.0_191]
	at sun.security.ssl.SSLSocketImpl.connect(SSLSocketImpl.java:666) ~[?:1.8.0_191]
	at sun.net.NetworkClient.doConnect(NetworkClient.java:175) ~[?:1.8.0_191]
	at sun.net.www.http.HttpClient.openServer(HttpClient.java:463) ~[?:1.8.0_191]
	at sun.net.www.http.HttpClient.openServer(HttpClient.java:558) ~[?:1.8.0_191]
	at sun.net.www.protocol.https.HttpsClient.<init>(HttpsClient.java:264) ~[?:1.8.0_191]
	at sun.net.www.protocol.https.HttpsClient.New(HttpsClient.java:367) ~[?:1.8.0_191]
	at sun.net.www.protocol.https.AbstractDelegateHttpsURLConnection.getNewHttpClient(AbstractDelegateHttpsURLConnection.java:191) ~[?:1.8.0_191]
	at sun.net.www.protocol.http.HttpURLConnection.plainConnect0(HttpURLConnection.java:1199) ~[?:1.8.0_191]
	at sun.net.www.protocol.http.HttpURLConnection.plainConnect(HttpURLConnection.java:1050) ~[?:1.8.0_191]
	at sun.net.www.protocol.https.AbstractDelegateHttpsURLConnection.connect(AbstractDelegateHttpsURLConnection.java:177) ~[?:1.8.0_191]
	at sun.net.www.protocol.https.HttpsURLConnectionImpl.connect(HttpsURLConnectionImpl.java:162) ~[?:1.8.0_191]
	at cc.arduino.utils.network.HttpConnectionManager.makeConnection(HttpConnectionManager.java:150) ~[arduino-core.jar:?]
	at cc.arduino.utils.network.HttpConnectionManager.makeConnection(HttpConnectionManager.java:106) ~[arduino-core.jar:?]
	at cc.arduino.utils.network.FileDownloaderCache.updateCacheInfo(FileDownloaderCache.java:184) ~[arduino-core.jar:?]
	at cc.arduino.utils.network.FileDownloaderCache.getFileCached(FileDownloaderCache.java:153) ~[arduino-core.jar:?]
	at cc.arduino.utils.network.FileDownloader.downloadFile(FileDownloader.java:167) [arduino-core.jar:?]
	at cc.arduino.utils.network.FileDownloader.download(FileDownloader.java:129) [arduino-core.jar:?]
	at cc.arduino.contributions.DownloadableContributionsDownloader.download(DownloadableContributionsDownloader.java:147) [arduino-core.jar:?]
	at cc.arduino.contributions.DownloadableContributionsDownloader.download(DownloadableContributionsDownloader.java:130) [arduino-core.jar:?]
	at cc.arduino.contributions.JsonDownloader.download(JsonDownloader.java:49) [arduino-core.jar:?]
	at cc.arduino.contributions.GZippedJsonDownloader.download(GZippedJsonDownloader.java:66) [arduino-core.jar:?]
	at cc.arduino.contributions.libraries.LibraryInstaller.updateIndex(LibraryInstaller.java:84) [arduino-core.jar:?]
	at cc.arduino.contributions.ContributionsSelfCheck.updateLibrariesIndex(ContributionsSelfCheck.java:204) [pde.jar:?]
	at cc.arduino.contributions.ContributionsSelfCheck.run(ContributionsSelfCheck.java:76) [pde.jar:?]
	at java.util.TimerThread.mainLoop(Timer.java:555) [?:1.8.0_191]
	at java.util.TimerThread.run(Timer.java:505) [?:1.8.0_191]
